videochat-webrtc/build/outputs/logs/manifest-merger-debug-report.txt
-- Merging decision tree log ---
manifest
ADDED from src/main/AndroidManifest.xml:2:1-96:12
INJECTED from src/main/AndroidManifest.xml:2:1-96:12
INJECTED from src/main/AndroidManifest.xml:2:1-96:12
INJECTED from src/main/AndroidManifest.xml:2:1-96:12
INJECTED from src/main/AndroidManifest.xml:2:1-96:12
INJECTED from src/main/AndroidManifest.xml:2:1-96:12
INJECTED from src/main/AndroidManifest.xml:2:1-96:12
	package
		ADDED from src/main/AndroidManifest.xml:4:5-51
		INJECTED from src/main/AndroidManifest.xml
		INJECTED from src/main/AndroidManifest.xml
	android:versionName
		INJECTED from src/main/AndroidManifest.xml
		ADDED from src/main/AndroidManifest.xml:2:1-96:12
		INJECTED from src/main/AndroidManifest.xml
	xmlns:tools
		ADDED from src/main/AndroidManifest.xml:3:5-51
	android:versionCode
		INJECTED from src/main/AndroidManifest.xml
		ADDED from src/main/AndroidManifest.xml:2:1-96:12
		INJECTED from src/main/AndroidManifest.xml
	xmlns:android
		ADDED from src/main/AndroidManifest.xml:2:11-69
uses-permission#android.permission.CAMERA
ADDED from src/main/AndroidManifest.xml:6:5-65
	android:name
		ADDED from src/main/AndroidManifest.xml:6:22-62
uses-permission#android.permission.MODIFY_AUDIO_SETTINGS
ADDED from src/main/AndroidManifest.xml:7:5-80
	android:name
		ADDED from src/main/AndroidManifest.xml:7:22-77
uses-permission#android.permission.RECORD_AUDIO
ADDED from src/main/AndroidManifest.xml:8:5-71
	android:name
		ADDED from src/main/AndroidManifest.xml:8:22-68
uses-permission#android.permission.INTERNET
ADDED from src/main/AndroidManifest.xml:9:5-67
	android:name
		ADDED from src/main/AndroidManifest.xml:9:22-64
uses-permission#android.permission.WRITE_EXTERNAL_STORAGE
ADDED from src/main/AndroidManifest.xml:10:5-81
	android:name
		ADDED from src/main/AndroidManifest.xml:10:22-78
uses-permission#android.permission.VIBRATE
ADDED from src/main/AndroidManifest.xml:11:5-66
	android:name
		ADDED from src/main/AndroidManifest.xml:11:22-63
uses-permission#android.permission.READ_PHONE_STATE
ADDED from src/main/AndroidManifest.xml:12:5-75
	android:name
		ADDED from src/main/AndroidManifest.xml:12:22-72
uses-permission#android.permission.ACCESS_WIFI_STATE
ADDED from src/main/AndroidManifest.xml:13:5-76
	android:name
		ADDED from src/main/AndroidManifest.xml:13:22-73
uses-feature#android.hardware.camera
ADDED from src/main/AndroidManifest.xml:15:5-60
	android:name
		ADDED from src/main/AndroidManifest.xml:15:19-57
uses-feature#android.hardware.camera.autofocus
ADDED from src/main/AndroidManifest.xml:16:5-70
	android:name
		ADDED from src/main/AndroidManifest.xml:16:19-67
uses-feature#0x00020000
ADDED from src/main/AndroidManifest.xml:18:5-20:35
	android:glEsVersion
		ADDED from src/main/AndroidManifest.xml:19:9-41
	android:required
		ADDED from src/main/AndroidManifest.xml:20:9-32
application
ADDED from src/main/AndroidManifest.xml:22:5-94:19
	android:label
		ADDED from src/main/AndroidManifest.xml:23:9-41
	tools:ignore
		ADDED from src/main/AndroidManifest.xml:24:9-48
activity#com.quickblox.sample.groupchatwebrtc.activities.OpponentsActivity
ADDED from src/main/AndroidManifest.xml:37:9-41:52
	android:screenOrientation
		ADDED from src/main/AndroidManifest.xml:41:13-49
	android:launchMode
		ADDED from src/main/AndroidManifest.xml:40:13-44
	android:configChanges
		ADDED from src/main/AndroidManifest.xml:39:13-74
	android:name
		ADDED from src/main/AndroidManifest.xml:38:13-57
activity#com.quickblox.sample.groupchatwebrtc.activities.PermissionsActivity
ADDED from src/main/AndroidManifest.xml:42:9-68
	android:name
		ADDED from src/main/AndroidManifest.xml:42:19-65
activity#com.androidsocial.kissaaa.service.quickbloxmodule.activities.CallActivity
ADDED from src/main/AndroidManifest.xml:43:9-47:51
	android:screenOrientation
		ADDED from src/main/AndroidManifest.xml:46:13-49
	android:configChanges
		ADDED from src/main/AndroidManifest.xml:45:13-74
	android:theme
		ADDED from src/main/AndroidManifest.xml:47:13-48
	android:name
		ADDED from src/main/AndroidManifest.xml:44:13-101
service#com.androidsocial.kissaaa.service.quickbloxmodule.activities.CallService
ADDED from src/main/AndroidManifest.xml:53:9-108
	android:name
		ADDED from src/main/AndroidManifest.xml:53:18-105
uses-sdk
INJECTED from src/main/AndroidManifest.xml reason: use-sdk injection requested
INJECTED from src/main/AndroidManifest.xml
INJECTED from src/main/AndroidManifest.xml
INJECTED from src/main/AndroidManifest.xml
INJECTED from src/main/AndroidManifest.xml
	android:targetSdkVersion
		INJECTED from src/main/AndroidManifest.xml
		ADDED from src/main/AndroidManifest.xml
		INJECTED from src/main/AndroidManifest.xml
	android:minSdkVersion
		INJECTED from src/main/AndroidManifest.xml
		ADDED from src/main/AndroidManifest.xml
		INJECTED from src/main/AndroidManifest.xml